
Showing logs for build [32mcb-kubecd-environment-pr-163-21-zm25v-1[0m stage [32mfrom-build-pack[0m and container [32mstep-credential-initializer-94vzn[0m
{"level":"warn","ts":1582117189.4020438,"logger":"fallback-logger","caller":"logging/config.go:69","msg":"Fetch GitHub commit ID from kodata failed: \"ref: refs/heads/0.8.0-**-support-backwards-incompats\" is not a valid GitHub commit ID"}
{"level":"info","ts":1582117189.402737,"logger":"fallback-logger","caller":"creds-init/main.go:40","msg":"Credentials initialized."}

Showing logs for build [32mcb-kubecd-environment-pr-163-21-zm25v-1[0m stage [32mfrom-build-pack[0m and container [32mstep-working-dir-initializer-5fn84[0m
{"level":"warn","ts":1582117190.6947448,"logger":"fallback-logger","caller":"logging/config.go:69","msg":"Fetch GitHub commit ID from kodata failed: open /var/run/ko/HEAD: no such file or directory"}
{"level":"info","ts":1582117190.6964138,"logger":"fallback-logger","caller":"bash/main.go:64","msg":"Successfully executed command \"sh -c mkdir -p /workspace/source\"; output "}

Showing logs for build [32mcb-kubecd-environment-pr-163-21-zm25v-1[0m stage [32mfrom-build-pack[0m and container [32mstep-place-tools[0m

Showing logs for build [32mcb-kubecd-environment-pr-163-21-zm25v-1[0m stage [32mfrom-build-pack[0m and container [32mstep-git-source-cb-kubecd-environment-pr-163-21-zm25v-jjdnh[0m
{"level":"warn","ts":1582117195.7792466,"logger":"fallback-logger","caller":"logging/config.go:69","msg":"Fetch GitHub commit ID from kodata failed: \"ref: refs/heads/0.8.0-**-support-backwards-incompats\" is not a valid GitHub commit ID"}
{"level":"info","ts":1582117196.9196427,"logger":"fallback-logger","caller":"git/git.go:103","msg":"Successfully cloned https://github.com/cb-kubecd/environment-pr-163-21-boot-gke-staging.git @ master in path /workspace/source"}

Showing logs for build [32mcb-kubecd-environment-pr-163-21-zm25v-1[0m stage [32mfrom-build-pack[0m and container [32mstep-git-merge[0m
Using SHAs from PULL_REFS=master:d5fdfd1dee5c2c92e889c238fb8c3c0465196363,3:504843a608c06c4ee032a3b04c76c69bd7c35954
DEBUG: LC_ALL=C JX_LOG_LEVEL=error git fetch origin --unshallow 504843a608c06c4ee032a3b04c76c69bd7c35954: d5fdfd1dee5c2c92e889c238fb8c3c0465196363:
DEBUG: ran git fetch --unshallow origin 504843a608c06c4ee032a3b04c76c69bd7c35954: d5fdfd1dee5c2c92e889c238fb8c3c0465196363: in 
DEBUG: LC_ALL=C JX_LOG_LEVEL=error git branch
DEBUG: LC_ALL=C JX_LOG_LEVEL=error git checkout master
DEBUG: ran git checkout master in 
DEBUG: LC_ALL=C JX_LOG_LEVEL=error git reset --hard d5fdfd1dee5c2c92e889c238fb8c3c0465196363
DEBUG: ran git reset --hard d5fdfd1dee5c2c92e889c238fb8c3c0465196363 in 
DEBUG: LC_ALL=C JX_LOG_LEVEL=error git clean -fd .
DEBUG: ran clean --force -d . in 
DEBUG: LC_ALL=C JX_LOG_LEVEL=error git merge 504843a608c06c4ee032a3b04c76c69bd7c35954
DEBUG: ran git merge 504843a608c06c4ee032a3b04c76c69bd7c35954 in 
DEBUG: JX_LOG_LEVEL=error LC_ALL=C git log --format=%H%x1f%an%x1f%ae%x1f%cn%x1f%ce%x1f%s%n%b%x1e d5fdfd1dee5c2c92e889c238fb8c3c0465196363..HEAD
Merged SHA 504843a608c06c4ee032a3b04c76c69bd7c35954 with commit message 'chore: Promote bdd-nh-1582116233 to version 0.0.1' into base branch master

Showing logs for build [32mcb-kubecd-environment-pr-163-21-zm25v-1[0m stage [32mfrom-build-pack[0m and container [32mstep-build-helm-build[0m
WARNING: No $CHART_REPOSITORY defined so using the default value of: http://jenkins-x-chartmuseum:8080
Adding missing Helm repo: storage.googleapis.com https://storage.googleapis.com/chartmuseum.jenkins-x.io
WARNING: No secrets found on "helm/repos" due: reading the secret "helm/repos" from vault: no secret "helm/repos" not found in vault
Read credentials for https://storage.googleapis.com/chartmuseum.jenkins-x.io from vault helm/repos
Successfully added Helm repository storage.googleapis.com.
Adding missing Helm repo: jenkins-x-chartmuseum http://jenkins-x-chartmuseum:8080
WARNING: No secrets found on "helm/repos" due: reading the secret "helm/repos" from vault: no secret "helm/repos" not found in vault
Read credentials for http://jenkins-x-chartmuseum:8080 from vault helm/repos
Successfully added Helm repository jenkins-x-chartmuseum.
WARNING: No $CHART_REPOSITORY defined so using the default value of: http://jenkins-x-chartmuseum:8080
Adding missing Helm repo: chartmuseum.jenkins-x.io http://chartmuseum.jenkins-x.io
WARNING: No secrets found on "helm/repos" due: reading the secret "helm/repos" from vault: no secret "helm/repos" not found in vault
Read credentials for http://chartmuseum.jenkins-x.io from vault helm/repos
Successfully added Helm repository chartmuseum.jenkins-x.io.
