
Showing logs for build [32mcb-kubecd-environment-pr-163-21-zw557-1[0m stage [32mfrom-build-pack[0m and container [32mstep-credential-initializer-crz89[0m
{"level":"warn","ts":1582119351.4355943,"logger":"fallback-logger","caller":"logging/config.go:69","msg":"Fetch GitHub commit ID from kodata failed: \"ref: refs/heads/0.8.0-**-support-backwards-incompats\" is not a valid GitHub commit ID"}
{"level":"info","ts":1582119351.4360807,"logger":"fallback-logger","caller":"creds-init/main.go:40","msg":"Credentials initialized."}

Showing logs for build [32mcb-kubecd-environment-pr-163-21-zw557-1[0m stage [32mfrom-build-pack[0m and container [32mstep-working-dir-initializer-sds9l[0m
{"level":"warn","ts":1582119352.202262,"logger":"fallback-logger","caller":"logging/config.go:69","msg":"Fetch GitHub commit ID from kodata failed: open /var/run/ko/HEAD: no such file or directory"}
{"level":"info","ts":1582119352.204081,"logger":"fallback-logger","caller":"bash/main.go:64","msg":"Successfully executed command \"sh -c mkdir -p /workspace/source\"; output "}

Showing logs for build [32mcb-kubecd-environment-pr-163-21-zw557-1[0m stage [32mfrom-build-pack[0m and container [32mstep-place-tools[0m

Showing logs for build [32mcb-kubecd-environment-pr-163-21-zw557-1[0m stage [32mfrom-build-pack[0m and container [32mstep-git-source-cb-kubecd-environment-pr-163-21-zw557-64r57[0m
{"level":"warn","ts":1582119357.5243354,"logger":"fallback-logger","caller":"logging/config.go:69","msg":"Fetch GitHub commit ID from kodata failed: \"ref: refs/heads/0.8.0-**-support-backwards-incompats\" is not a valid GitHub commit ID"}
{"level":"info","ts":1582119358.7160287,"logger":"fallback-logger","caller":"git/git.go:103","msg":"Successfully cloned https://github.com/cb-kubecd/environment-pr-163-21-boot-gke-staging.git @ master in path /workspace/source"}

Showing logs for build [32mcb-kubecd-environment-pr-163-21-zw557-1[0m stage [32mfrom-build-pack[0m and container [32mstep-git-merge[0m
Using SHAs from PULL_REFS=master:ce34a7a89abd683392689525f595d73a6e550c5a,6:f8cb8817dfe47a55871cdb94ad57cdf27eaa9867
DEBUG: JX_LOG_LEVEL=error LC_ALL=C git fetch origin --unshallow f8cb8817dfe47a55871cdb94ad57cdf27eaa9867: ce34a7a89abd683392689525f595d73a6e550c5a:
DEBUG: ran git fetch --unshallow origin f8cb8817dfe47a55871cdb94ad57cdf27eaa9867: ce34a7a89abd683392689525f595d73a6e550c5a: in 
DEBUG: LC_ALL=C JX_LOG_LEVEL=error git branch
DEBUG: LC_ALL=C JX_LOG_LEVEL=error git checkout master
DEBUG: ran git checkout master in 
DEBUG: LC_ALL=C JX_LOG_LEVEL=error git reset --hard ce34a7a89abd683392689525f595d73a6e550c5a
DEBUG: ran git reset --hard ce34a7a89abd683392689525f595d73a6e550c5a in 
DEBUG: JX_LOG_LEVEL=error LC_ALL=C git clean -fd .
DEBUG: ran clean --force -d . in 
DEBUG: JX_LOG_LEVEL=error LC_ALL=C git merge f8cb8817dfe47a55871cdb94ad57cdf27eaa9867
DEBUG: ran git merge f8cb8817dfe47a55871cdb94ad57cdf27eaa9867 in 
DEBUG: LC_ALL=C JX_LOG_LEVEL=error git log --format=%H%x1f%an%x1f%ae%x1f%cn%x1f%ce%x1f%s%n%b%x1e ce34a7a89abd683392689525f595d73a6e550c5a..HEAD
Merged SHA f8cb8817dfe47a55871cdb94ad57cdf27eaa9867 with commit message 'chore: Promote bdd-nh-import-1582118610 to version 0.0.1' into base branch master

Showing logs for build [32mcb-kubecd-environment-pr-163-21-zw557-1[0m stage [32mfrom-build-pack[0m and container [32mstep-build-helm-build[0m
WARNING: No $CHART_REPOSITORY defined so using the default value of: http://jenkins-x-chartmuseum:8080
Adding missing Helm repo: storage.googleapis.com https://storage.googleapis.com/chartmuseum.jenkins-x.io
WARNING: No secrets found on "helm/repos" due: reading the secret "helm/repos" from vault: no secret "helm/repos" not found in vault
Read credentials for https://storage.googleapis.com/chartmuseum.jenkins-x.io from vault helm/repos
Successfully added Helm repository storage.googleapis.com.
Adding missing Helm repo: jenkins-x-chartmuseum http://jenkins-x-chartmuseum:8080
WARNING: No secrets found on "helm/repos" due: reading the secret "helm/repos" from vault: no secret "helm/repos" not found in vault
Read credentials for http://jenkins-x-chartmuseum:8080 from vault helm/repos
Successfully added Helm repository jenkins-x-chartmuseum.
WARNING: No $CHART_REPOSITORY defined so using the default value of: http://jenkins-x-chartmuseum:8080
Adding missing Helm repo: chartmuseum.jenkins-x.io http://chartmuseum.jenkins-x.io
WARNING: No secrets found on "helm/repos" due: reading the secret "helm/repos" from vault: no secret "helm/repos" not found in vault
Read credentials for http://chartmuseum.jenkins-x.io from vault helm/repos
Successfully added Helm repository chartmuseum.jenkins-x.io.
