
Showing logs for build [32mcb-kubecd-environment-pr-163-21-rs7tg-1[0m stage [32mfrom-build-pack[0m and container [32mstep-credential-initializer-d7dmh[0m
{"level":"warn","ts":1582117978.7833238,"logger":"fallback-logger","caller":"logging/config.go:69","msg":"Fetch GitHub commit ID from kodata failed: \"ref: refs/heads/0.8.0-**-support-backwards-incompats\" is not a valid GitHub commit ID"}
{"level":"info","ts":1582117978.7840133,"logger":"fallback-logger","caller":"creds-init/main.go:40","msg":"Credentials initialized."}

Showing logs for build [32mcb-kubecd-environment-pr-163-21-rs7tg-1[0m stage [32mfrom-build-pack[0m and container [32mstep-working-dir-initializer-qsjfc[0m
{"level":"warn","ts":1582117979.6296525,"logger":"fallback-logger","caller":"logging/config.go:69","msg":"Fetch GitHub commit ID from kodata failed: open /var/run/ko/HEAD: no such file or directory"}
{"level":"info","ts":1582117979.631389,"logger":"fallback-logger","caller":"bash/main.go:64","msg":"Successfully executed command \"sh -c mkdir -p /workspace/source\"; output "}

Showing logs for build [32mcb-kubecd-environment-pr-163-21-rs7tg-1[0m stage [32mfrom-build-pack[0m and container [32mstep-place-tools[0m

Showing logs for build [32mcb-kubecd-environment-pr-163-21-rs7tg-1[0m stage [32mfrom-build-pack[0m and container [32mstep-git-source-cb-kubecd-environment-pr-163-21-rs7tg-tp4tl[0m
{"level":"warn","ts":1582117984.855216,"logger":"fallback-logger","caller":"logging/config.go:69","msg":"Fetch GitHub commit ID from kodata failed: \"ref: refs/heads/0.8.0-**-support-backwards-incompats\" is not a valid GitHub commit ID"}
{"level":"info","ts":1582117986.0297751,"logger":"fallback-logger","caller":"git/git.go:103","msg":"Successfully cloned https://github.com/cb-kubecd/environment-pr-163-21-boot-gke-staging.git @ master in path /workspace/source"}

Showing logs for build [32mcb-kubecd-environment-pr-163-21-rs7tg-1[0m stage [32mfrom-build-pack[0m and container [32mstep-git-merge[0m
Using SHAs from PULL_REFS=master:e2b77db627b81948413d2fea90f1ed087ba15e09,4:802d0303e9c86af943d812e832e3b26bd15d28b2
DEBUG: LC_ALL=C JX_LOG_LEVEL=error git fetch origin --unshallow 802d0303e9c86af943d812e832e3b26bd15d28b2: e2b77db627b81948413d2fea90f1ed087ba15e09:
DEBUG: ran git fetch --unshallow origin 802d0303e9c86af943d812e832e3b26bd15d28b2: e2b77db627b81948413d2fea90f1ed087ba15e09: in 
DEBUG: LC_ALL=C JX_LOG_LEVEL=error git branch
DEBUG: LC_ALL=C JX_LOG_LEVEL=error git checkout master
DEBUG: ran git checkout master in 
DEBUG: LC_ALL=C JX_LOG_LEVEL=error git reset --hard e2b77db627b81948413d2fea90f1ed087ba15e09
DEBUG: ran git reset --hard e2b77db627b81948413d2fea90f1ed087ba15e09 in 
DEBUG: LC_ALL=C JX_LOG_LEVEL=error git clean -fd .
DEBUG: ran clean --force -d . in 
DEBUG: LC_ALL=C JX_LOG_LEVEL=error git merge 802d0303e9c86af943d812e832e3b26bd15d28b2
DEBUG: ran git merge 802d0303e9c86af943d812e832e3b26bd15d28b2 in 
DEBUG: LC_ALL=C JX_LOG_LEVEL=error git log --format=%H%x1f%an%x1f%ae%x1f%cn%x1f%ce%x1f%s%n%b%x1e e2b77db627b81948413d2fea90f1ed087ba15e09..HEAD
Merged SHA 802d0303e9c86af943d812e832e3b26bd15d28b2 with commit message 'chore: Promote bdd-sbhg-1582116233 to version 0.0.1' into base branch master

Showing logs for build [32mcb-kubecd-environment-pr-163-21-rs7tg-1[0m stage [32mfrom-build-pack[0m and container [32mstep-build-helm-build[0m
WARNING: No $CHART_REPOSITORY defined so using the default value of: http://jenkins-x-chartmuseum:8080
Adding missing Helm repo: storage.googleapis.com https://storage.googleapis.com/chartmuseum.jenkins-x.io
WARNING: No secrets found on "helm/repos" due: reading the secret "helm/repos" from vault: no secret "helm/repos" not found in vault
Read credentials for https://storage.googleapis.com/chartmuseum.jenkins-x.io from vault helm/repos
Successfully added Helm repository storage.googleapis.com.
Adding missing Helm repo: jenkins-x-chartmuseum http://jenkins-x-chartmuseum:8080
WARNING: No secrets found on "helm/repos" due: reading the secret "helm/repos" from vault: no secret "helm/repos" not found in vault
Read credentials for http://jenkins-x-chartmuseum:8080 from vault helm/repos
Successfully added Helm repository jenkins-x-chartmuseum.
WARNING: No $CHART_REPOSITORY defined so using the default value of: http://jenkins-x-chartmuseum:8080
Adding missing Helm repo: chartmuseum.jenkins-x.io http://chartmuseum.jenkins-x.io
WARNING: No secrets found on "helm/repos" due: reading the secret "helm/repos" from vault: no secret "helm/repos" not found in vault
Read credentials for http://chartmuseum.jenkins-x.io from vault helm/repos
Successfully added Helm repository chartmuseum.jenkins-x.io.
